<?xml version="1.0" encoding="UTF-8"?>
<!-- Generated by org.testng.reporters.JUnitReportReporter -->
<testsuite hostname="DESKTOP-2QN80ME" failures="0" tests="2" name="TestngExamples.Exm_Testng" time="0.049" errors="0" timestamp="31 Jan 2023 03:16:21 GMT">
  <testcase classname="TestngExamples.Exm_Testng" name="addEmp" time="0.013"/>
  <testcase classname="TestngExamples.Exm_Testng" name="delemp" time="0.036"/>
</testsuite> <!-- TestngExamples.Exm_Testng -->
