<?xml version="1.0" encoding="UTF-8"?>
<!-- Generated by org.testng.reporters.JUnitReportReporter -->
<testsuite hostname="DESKTOP-2QN80ME" failures="0" tests="1" name="TestngExamples.WD_Excel_Testng" time="7.772" errors="0" timestamp="2023-01-31T13:10:27 IST" skipped="0">
  <testcase classname="TestngExamples.WD_Excel_Testng" name="tc001" time="7.772"/>
  <system-out>
    <![CDATA[nareshit
nareshit
Application Opened
Login completed
OrangeHRM]]>
  </system-out>
</testsuite> <!-- TestngExamples.WD_Excel_Testng -->
