<?xml version="1.0" encoding="UTF-8"?>
<!-- Generated by org.testng.reporters.JUnitReportReporter -->
<testsuite hostname="DESKTOP-2QN80ME" failures="0" tests="1" name="com.hrms.testscripts.TC001" time="18.818" errors="0" timestamp="2 Feb 2023 04:42:22 GMT">
  <testcase classname="com.hrms.testscripts.TC001" name="tc001" time="18.818"/>
</testsuite> <!-- com.hrms.testscripts.TC001 -->
