<?xml version="1.0" encoding="UTF-8"?>
<!-- Generated by org.testng.reporters.JUnitReportReporter -->
<testsuite hostname="DESKTOP-2QN80ME" failures="0" tests="1" name="com.hrms.testscripts.TC002" time="32.108" errors="0" timestamp="2 Feb 2023 04:42:22 GMT">
  <testcase classname="com.hrms.testscripts.TC002" name="tc002" time="32.108"/>
</testsuite> <!-- com.hrms.testscripts.TC002 -->
