<?xml version="1.0" encoding="UTF-8"?>
<!-- Generated by org.testng.reporters.JUnitReportReporter -->
<testsuite hostname="DESKTOP-2QN80ME" failures="0" tests="1" name="com.hrms.testscripts.TC003" time="19.945" errors="0" timestamp="3 Feb 2023 02:40:10 GMT">
  <testcase classname="com.hrms.testscripts.TC003" name="tc003" time="19.945"/>
</testsuite> <!-- com.hrms.testscripts.TC003 -->
