<?xml version="1.0" encoding="UTF-8"?>
<!-- Generated by org.testng.reporters.JUnitReportReporter -->
<testsuite hostname="DESKTOP-2QN80ME" failures="0" tests="1" name="com.hrms.testscripts.TC003" time="18.793" errors="0" timestamp="2 Feb 2023 04:42:22 GMT">
  <testcase classname="com.hrms.testscripts.TC003" name="tc003" time="18.793"/>
</testsuite> <!-- com.hrms.testscripts.TC003 -->
