<?xml version="1.0" encoding="UTF-8"?>
<!-- Generated by org.testng.reporters.JUnitReportReporter -->
<testsuite hostname="DESKTOP-2QN80ME" failures="0" tests="1" name="com.hrms.testscripts.TC001" time="19.807" errors="0" timestamp="2023-02-04T11:22:26 IST" skipped="0">
  <testcase classname="com.hrms.testscripts.TC001" name="tc001" time="19.807"/>
  <system-out>
    <![CDATA[Application Opened]]>
  </system-out>
</testsuite> <!-- com.hrms.testscripts.TC001 -->
